<Sysmon schemaversion="4.0">
  <HashAlgorithms>sha1,md5</HashAlgorithms>
  <ProcessAccessConfig>ProcessAccessConfig1:0x11223344,ProcessAccessConfig2:0x44332211</ProcessAccessConfig>
  <CheckRevocation />
  <EventFiltering>
    <ProcessCreate onmatch="include">
      <UtcTime>2017-12-30 01:18:10.040</UtcTime>
      <UtcTime condition="less than">2017-01-01 13:04:29.490</UtcTime>
      <UtcTime condition="contains">2017-12-30 01:18:10.040</UtcTime>
      <UtcTime condition="excludes">2017-12-30 01:18:10.040</UtcTime>
      <UtcTime condition="end with">2017-12-30 01:18:10.040</UtcTime>
      <UtcTime condition="less than">2017-12-30 01:18:10.040</UtcTime>
      <UtcTime condition="more than">2017-12-30 01:18:10.040</UtcTime>
      <ProcessGuid>{7ed59fb9-e952-5a46-0000-0010be6c3e0b}</ProcessGuid>
      <ProcessGuid condition="is not">{7b330738-043a-47a4-ac2e-4de2ce659462}</ProcessGuid>
      <ProcessId>0</ProcessId>
      <ProcessId>43920</ProcessId>
      <ProcessId condition="is not">1</ProcessId>
      <ProcessId condition="contains">4294967294</ProcessId>
      <ProcessId condition="excludes">2</ProcessId>
      <ProcessId condition="begin with">4294967293</ProcessId>
      <ProcessId condition="end with">3</ProcessId>
      <ProcessId condition="less than">4294967292</ProcessId>
      <ProcessId condition="more than">4</ProcessId>
      <Image>Image1</Image>
      <Image>Image2</Image>
      <Image condition="is not">Image3</Image>
      <Image condition="contains">Image4</Image>
      <Image condition="excludes">Image5</Image>
      <Image condition="begin with">Image6</Image>
      <Image condition="end with">Image7</Image>
      <Image condition="less than">Image8</Image>
      <Image condition="more than">Image9</Image>
      <FileVersion>foo</FileVersion>
      <Description condition="is not">foo</Description>
      <Product condition="end with">foo</Product>
      <Company condition="begin with">foo</Company>
      <CommandLine>CommandLine1</CommandLine>
      <CommandLine>CommandLine2</CommandLine>
      <CommandLine condition="is not">CommandLine3</CommandLine>
      <CommandLine condition="contains">CommandLine4</CommandLine>
      <CommandLine condition="excludes">CommandLine5</CommandLine>
      <CommandLine condition="begin with">CommandLine6</CommandLine>
      <CommandLine condition="end with">CommandLine7</CommandLine>
      <CommandLine condition="less than">CommandLine8</CommandLine>
      <CommandLine condition="more than">CommandLine9</CommandLine>
      <CurrentDirectory>CurrentDirectory1</CurrentDirectory>
      <CurrentDirectory>CurrentDirectory2</CurrentDirectory>
      <CurrentDirectory condition="is not">CurrentDirectory3</CurrentDirectory>
      <CurrentDirectory condition="contains">CurrentDirectory4</CurrentDirectory>
      <CurrentDirectory condition="excludes">CurrentDirectory5</CurrentDirectory>
      <CurrentDirectory condition="begin with">CurrentDirectory6</CurrentDirectory>
      <CurrentDirectory condition="end with">CurrentDirectory7</CurrentDirectory>
      <CurrentDirectory condition="less than">CurrentDirectory8</CurrentDirectory>
      <CurrentDirectory condition="more than">CurrentDirectory9</CurrentDirectory>
      <User>User1</User>
      <User>User2</User>
      <User condition="is not">User3</User>
      <User condition="contains">User4</User>
      <User condition="excludes">User5</User>
      <User condition="begin with">User6</User>
      <User condition="end with">User7</User>
      <User condition="less than">User8</User>
      <User condition="more than">User9</User>
      <LogonGuid>{f0dd020f-a67d-490d-9c8d-e9bd080b70f6}</LogonGuid>
      <LogonGuid>{8D3215A7-B862-41D1-A8ED-31A2A9C3A06F}</LogonGuid>
      <LogonGuid condition="is not">{1310a847-b35e-4ca4-8ba7-23d693fc860e}</LogonGuid>
      <LogonId>0xFF</LogonId>
      <LogonId>0xFF</LogonId>
      <LogonId condition="is not">0xFF</LogonId>
      <LogonId condition="contains">0xFF</LogonId>
      <LogonId condition="excludes">0xFF</LogonId>
      <LogonId condition="begin with">0xFF</LogonId>
      <LogonId condition="end with">0xFF</LogonId>
      <LogonId condition="less than">0xFF</LogonId>
      <LogonId condition="more than">0xFF</LogonId>
      <TerminalSessionId>1</TerminalSessionId>
      <TerminalSessionId>2</TerminalSessionId>
      <TerminalSessionId condition="is not">3</TerminalSessionId>
      <TerminalSessionId condition="contains">1</TerminalSessionId>
      <TerminalSessionId condition="excludes">2</TerminalSessionId>
      <TerminalSessionId condition="begin with">3</TerminalSessionId>
      <TerminalSessionId condition="end with">1</TerminalSessionId>
      <TerminalSessionId condition="less than">2</TerminalSessionId>
      <TerminalSessionId condition="more than">3</TerminalSessionId>
      <IntegrityLevel>Low</IntegrityLevel>
      <IntegrityLevel>Medium</IntegrityLevel>
      <IntegrityLevel condition="is not">High</IntegrityLevel>
      <IntegrityLevel>System</IntegrityLevel>
      <IntegrityLevel>Protected Process</IntegrityLevel>
      <Hashes>Hashes1</Hashes>
      <Hashes>Hashes2</Hashes>
      <Hashes condition="is not">Hashes3</Hashes>
      <Hashes condition="contains">Hashes4</Hashes>
      <Hashes condition="excludes">Hashes5</Hashes>
      <Hashes condition="begin with">Hashes6</Hashes>
      <Hashes condition="end with">Hashes7</Hashes>
      <Hashes condition="less than">Hashes8</Hashes>
      <Hashes condition="more than">Hashes9</Hashes>
      <ParentProcessGuid>{f0dd020f-a67d-490d-9c8d-e9bd080b70f6}</ParentProcessGuid>
      <ParentProcessGuid>{f0dd020f-a67d-490d-9c8d-e9bd080b70f6}</ParentProcessGuid>
      <ParentProcessGuid condition="is not">{f0dd020f-a67d-490d-9c8d-e9bd080b70f6}</ParentProcessGuid>
      <ParentProcessId>0</ParentProcessId>
      <ParentProcessId>4294967295</ParentProcessId>
      <ParentProcessId condition="is not">1</ParentProcessId>
      <ParentProcessId condition="contains">4294967294</ParentProcessId>
      <ParentProcessId condition="excludes">2</ParentProcessId>
      <ParentProcessId condition="begin with">4294967293</ParentProcessId>
      <ParentProcessId condition="end with">3</ParentProcessId>
      <ParentProcessId condition="less than">4294967292</ParentProcessId>
      <ParentProcessId condition="more than">4</ParentProcessId>
      <ParentImage>ParentImage1</ParentImage>
      <ParentImage>ParentImage2</ParentImage>
      <ParentImage condition="is not">ParentImage3</ParentImage>
      <ParentImage condition="contains">ParentImage4</ParentImage>
      <ParentImage condition="excludes">ParentImage5</ParentImage>
      <ParentImage condition="begin with">ParentImage6</ParentImage>
      <ParentImage condition="end with">ParentImage7</ParentImage>
      <ParentImage condition="less than">ParentImage8</ParentImage>
      <ParentImage condition="more than">ParentImage9</ParentImage>
      <ParentCommandLine>ParentCommandLine1</ParentCommandLine>
      <ParentCommandLine>ParentCommandLine2</ParentCommandLine>
      <ParentCommandLine condition="is not">ParentCommandLine3</ParentCommandLine>
      <ParentCommandLine condition="contains">ParentCommandLine4</ParentCommandLine>
      <ParentCommandLine condition="excludes">ParentCommandLine5</ParentCommandLine>
      <ParentCommandLine condition="begin with">ParentCommandLine6</ParentCommandLine>
      <ParentCommandLine condition="end with">ParentCommandLine7</ParentCommandLine>
      <ParentCommandLine condition="less than">ParentCommandLine8</ParentCommandLine>
      <ParentCommandLine condition="more than">ParentCommandLine9</ParentCommandLine>
    </ProcessCreate>
    <ProcessCreate onmatch="exclude">
      <UtcTime condition="image">2017-12-30 01:18:10.040</UtcTime>
      <UtcTime>2017-12-30 01:18:10.040</UtcTime>
      <UtcTime condition="is not">2017-12-30 01:18:10.040</UtcTime>
      <UtcTime condition="contains">2017-12-30 01:18:10.040</UtcTime>
      <UtcTime condition="excludes">2017-12-30 01:18:10.040</UtcTime>
      <UtcTime condition="begin with">2017-12-30 01:18:10.040</UtcTime>
      <UtcTime condition="end with">2017-12-30 01:18:10.040</UtcTime>
      <UtcTime condition="less than">2017-12-30 01:18:10.040</UtcTime>
      <UtcTime condition="more than">2017-12-30 01:18:10.040</UtcTime>
      <ProcessGuid>{f0dd020f-a67d-490d-9c8d-e9bd080b70f6}</ProcessGuid>
      <ProcessGuid condition="is not">{f0dd020f-a67d-490d-9c8d-e9bd080b70f6}</ProcessGuid>
      <ProcessId condition="image">4294967291</ProcessId>
      <ProcessId>5</ProcessId>
      <ProcessId condition="is not">4294967290</ProcessId>
      <ProcessId condition="contains">6</ProcessId>
      <ProcessId condition="excludes">4294967289</ProcessId>
      <ProcessId condition="begin with">7</ProcessId>
      <ProcessId condition="end with">4294967288</ProcessId>
      <ProcessId condition="less than">8</ProcessId>
      <ProcessId condition="more than">4294967287</ProcessId>
      <Image condition="image">Image10</Image>
      <Image>Image11</Image>
      <Image condition="is not">Image12</Image>
      <Image condition="contains">Image13</Image>
      <Image condition="excludes">Image14</Image>
      <Image condition="begin with">Image15</Image>
      <Image condition="end with">Image16</Image>
      <Image condition="less than">Image17</Image>
      <Image condition="more than">Image18</Image>
      <FileVersion>foo</FileVersion>
      <Description condition="is not">foo</Description>
      <Product condition="end with">foo</Product>
      <Company condition="begin with">foo</Company>
      <CommandLine condition="image">CommandLine10</CommandLine>
      <CommandLine>CommandLine11</CommandLine>
      <CommandLine condition="is not">CommandLine12</CommandLine>
      <CommandLine condition="contains">CommandLine13</CommandLine>
      <CommandLine condition="excludes">CommandLine14</CommandLine>
      <CommandLine condition="begin with">CommandLine15</CommandLine>
      <CommandLine condition="end with">CommandLine16</CommandLine>
      <CommandLine condition="less than">CommandLine17</CommandLine>
      <CommandLine condition="more than">CommandLine18</CommandLine>
      <CurrentDirectory condition="image">CurrentDirectory10</CurrentDirectory>
      <CurrentDirectory>CurrentDirectory11</CurrentDirectory>
      <CurrentDirectory condition="is not">CurrentDirectory12</CurrentDirectory>
      <CurrentDirectory condition="contains">CurrentDirectory13</CurrentDirectory>
      <CurrentDirectory condition="excludes">CurrentDirectory14</CurrentDirectory>
      <CurrentDirectory condition="begin with">CurrentDirectory15</CurrentDirectory>
      <CurrentDirectory condition="end with">CurrentDirectory16</CurrentDirectory>
      <CurrentDirectory condition="less than">CurrentDirectory17</CurrentDirectory>
      <CurrentDirectory condition="more than">CurrentDirectory18</CurrentDirectory>
      <User condition="image">User10</User>
      <User>User11</User>
      <User condition="is not">User12</User>
      <User condition="contains">User13</User>
      <User condition="excludes">User14</User>
      <User condition="begin with">User15</User>
      <User condition="end with">User16</User>
      <User condition="less than">User17</User>
      <User condition="more than">User18</User>
      <LogonGuid>{f0dd020f-a67d-490d-9c8d-e9bd080b70f6}</LogonGuid>
      <LogonGuid condition="is not">{f0dd020f-a67d-490d-9c8d-e9bd080b70f6}</LogonGuid>
      <LogonId condition="image">0xFF</LogonId>
      <LogonId>0xFF</LogonId>
      <LogonId condition="is not">0xFF</LogonId>
      <LogonId condition="contains">0xFF</LogonId>
      <LogonId condition="excludes">0xFF</LogonId>
      <LogonId condition="begin with">0xFF</LogonId>
      <LogonId condition="end with">0xFF</LogonId>
      <LogonId condition="less than">0xFF</LogonId>
      <LogonId condition="more than">0xFF</LogonId>
      <TerminalSessionId condition="image">1</TerminalSessionId>
      <TerminalSessionId>2</TerminalSessionId>
      <TerminalSessionId condition="is not">3</TerminalSessionId>
      <TerminalSessionId condition="contains">1</TerminalSessionId>
      <TerminalSessionId condition="excludes">2</TerminalSessionId>
      <TerminalSessionId condition="begin with">3</TerminalSessionId>
      <TerminalSessionId condition="end with">1</TerminalSessionId>
      <TerminalSessionId condition="less than">2</TerminalSessionId>
      <TerminalSessionId condition="more than">3</TerminalSessionId>
      <IntegrityLevel>Medium</IntegrityLevel>
      <IntegrityLevel condition="is not">Low</IntegrityLevel>
      <Hashes condition="image">Hashes10</Hashes>
      <Hashes>Hashes11</Hashes>
      <Hashes condition="is not">Hashes12</Hashes>
      <Hashes condition="contains">Hashes13</Hashes>
      <Hashes condition="excludes">Hashes14</Hashes>
      <Hashes condition="begin with">Hashes15</Hashes>
      <Hashes condition="end with">Hashes16</Hashes>
      <Hashes condition="less than">Hashes17</Hashes>
      <Hashes condition="more than">Hashes18</Hashes>
      <ParentProcessGuid>{f0dd020f-a67d-490d-9c8d-e9bd080b70f6}</ParentProcessGuid>
      <ParentProcessGuid condition="is not">{f0dd020f-a67d-490d-9c8d-e9bd080b70f6}</ParentProcessGuid>
      <ParentProcessId condition="image">4294967291</ParentProcessId>
      <ParentProcessId>5</ParentProcessId>
      <ParentProcessId condition="is not">4294967290</ParentProcessId>
      <ParentProcessId condition="contains">6</ParentProcessId>
      <ParentProcessId condition="excludes">4294967289</ParentProcessId>
      <ParentProcessId condition="begin with">7</ParentProcessId>
      <ParentProcessId condition="end with">4294967288</ParentProcessId>
      <ParentProcessId condition="less than">8</ParentProcessId>
      <ParentProcessId condition="more than">4294967287</ParentProcessId>
      <ParentImage condition="image">ParentImage10</ParentImage>
      <ParentImage>ParentImage11</ParentImage>
      <ParentImage condition="is not">ParentImage12</ParentImage>
      <ParentImage condition="contains">ParentImage13</ParentImage>
      <ParentImage condition="excludes">ParentImage14</ParentImage>
      <ParentImage condition="begin with">ParentImage15</ParentImage>
      <ParentImage condition="end with">ParentImage16</ParentImage>
      <ParentImage condition="less than">ParentImage17</ParentImage>
      <ParentImage condition="more than">ParentImage18</ParentImage>
      <ParentCommandLine condition="image">ParentCommandLine10</ParentCommandLine>
      <ParentCommandLine>ParentCommandLine11</ParentCommandLine>
      <ParentCommandLine condition="is not">ParentCommandLine12</ParentCommandLine>
      <ParentCommandLine condition="contains">ParentCommandLine13</ParentCommandLine>
      <ParentCommandLine condition="excludes">ParentCommandLine14</ParentCommandLine>
      <ParentCommandLine condition="begin with">ParentCommandLine15</ParentCommandLine>
      <ParentCommandLine condition="end with">ParentCommandLine16</ParentCommandLine>
      <ParentCommandLine condition="less than">ParentCommandLine17</ParentCommandLine>
      <ParentCommandLine condition="more than">ParentCommandLine18</ParentCommandLine>
    </ProcessCreate>
    <FileCreateTime onmatch="include">
      <UtcTime>2017-12-30 01:18:10.040</UtcTime>
      <UtcTime>2017-12-30 01:18:10.040</UtcTime>
      <UtcTime condition="is not">2017-12-30 01:18:10.040</UtcTime>
      <UtcTime condition="contains">2017-12-30 01:18:10.040</UtcTime>
      <UtcTime condition="excludes">2017-12-30 01:18:10.040</UtcTime>
      <UtcTime condition="begin with">2017-12-30 01:18:10.040</UtcTime>
      <UtcTime condition="end with">UtcTime7</UtcTime>
      <UtcTime condition="less than">UtcTime8</UtcTime>
      <UtcTime condition="more than">UtcTime9</UtcTime>
      <ProcessGuid>{f0dd020f-a67d-490d-9c8d-e9bd080b70f6}</ProcessGuid>
      <ProcessGuid>{f0dd020f-a67d-490d-9c8d-e9bd080b70f6}</ProcessGuid>
      <ProcessGuid condition="is not">{f0dd020f-a67d-490d-9c8d-e9bd080b70f6}</ProcessGuid>
      <ProcessId>0</ProcessId>
      <ProcessId>4294967295</ProcessId>
      <ProcessId condition="is not">1</ProcessId>
      <ProcessId condition="contains">4294967294</ProcessId>
      <ProcessId condition="excludes">2</ProcessId>
      <ProcessId condition="begin with">4294967293</ProcessId>
      <ProcessId condition="end with">3</ProcessId>
      <ProcessId condition="less than">4294967292</ProcessId>
      <ProcessId condition="more than">4</ProcessId>
      <Image>Image1</Image>
      <Image>Image2</Image>
      <Image condition="is not">Image3</Image>
      <Image condition="contains">Image4</Image>
      <Image condition="excludes">Image5</Image>
      <Image condition="begin with">Image6</Image>
      <Image condition="end with">Image7</Image>
      <Image condition="less than">Image8</Image>
      <Image condition="more than">Image9</Image>
      <TargetFilename>TargetFilename1</TargetFilename>
      <TargetFilename>TargetFilename2</TargetFilename>
      <TargetFilename condition="is not">TargetFilename3</TargetFilename>
      <TargetFilename condition="contains">TargetFilename4</TargetFilename>
      <TargetFilename condition="excludes">TargetFilename5</TargetFilename>
      <TargetFilename condition="begin with">TargetFilename6</TargetFilename>
      <TargetFilename condition="end with">TargetFilename7</TargetFilename>
      <TargetFilename condition="less than">TargetFilename8</TargetFilename>
      <TargetFilename condition="more than">TargetFilename9</TargetFilename>
      <CreationUtcTime>2017-12-30 01:18:10.040</CreationUtcTime>
      <CreationUtcTime>2017-12-30 01:18:10.040</CreationUtcTime>
      <CreationUtcTime condition="is not">2017-12-30 01:18:10.040</CreationUtcTime>
      <CreationUtcTime condition="contains">CreationUtcTime4</CreationUtcTime>
      <CreationUtcTime condition="excludes">CreationUtcTime5</CreationUtcTime>
      <CreationUtcTime condition="begin with">CreationUtcTime6</CreationUtcTime>
      <CreationUtcTime condition="end with">CreationUtcTime7</CreationUtcTime>
      <CreationUtcTime condition="less than">CreationUtcTime8</CreationUtcTime>
      <CreationUtcTime condition="more than">CreationUtcTime9</CreationUtcTime>
      <PreviousCreationUtcTime>2017-12-30 01:18:10.040</PreviousCreationUtcTime>
      <PreviousCreationUtcTime>2017-12-30 01:18:10.040</PreviousCreationUtcTime>
      <PreviousCreationUtcTime condition="is not">2017-12-30 01:18:10.040</PreviousCreationUtcTime>
      <PreviousCreationUtcTime condition="contains">PreviousCreationUtcTime4</PreviousCreationUtcTime>
      <PreviousCreationUtcTime condition="excludes">PreviousCreationUtcTime5</PreviousCreationUtcTime>
      <PreviousCreationUtcTime condition="begin with">PreviousCreationUtcTime6</PreviousCreationUtcTime>
      <PreviousCreationUtcTime condition="end with">PreviousCreationUtcTime7</PreviousCreationUtcTime>
      <PreviousCreationUtcTime condition="less than">PreviousCreationUtcTime8</PreviousCreationUtcTime>
      <PreviousCreationUtcTime condition="more than">PreviousCreationUtcTime9</PreviousCreationUtcTime>
    </FileCreateTime>
    <FileCreateTime onmatch="exclude">
      <UtcTime condition="image">UtcTime10</UtcTime>
      <UtcTime>UtcTime11</UtcTime>
      <UtcTime condition="is not">UtcTime12</UtcTime>
      <UtcTime condition="contains">UtcTime13</UtcTime>
      <UtcTime condition="excludes">UtcTime14</UtcTime>
      <UtcTime condition="begin with">UtcTime15</UtcTime>
      <UtcTime condition="end with">UtcTime16</UtcTime>
      <UtcTime condition="less than">UtcTime17</UtcTime>
      <UtcTime condition="more than">UtcTime18</UtcTime>
      <ProcessGuid>{f0dd020f-a67d-490d-9c8d-e9bd080b70f6}</ProcessGuid>
      <ProcessGuid condition="is not">{f0dd020f-a67d-490d-9c8d-e9bd080b70f6}</ProcessGuid>
      <ProcessId condition="image">4294967291</ProcessId>
      <ProcessId>5</ProcessId>
      <ProcessId condition="is not">4294967290</ProcessId>
      <ProcessId condition="contains">6</ProcessId>
      <ProcessId condition="excludes">4294967289</ProcessId>
      <ProcessId condition="begin with">7</ProcessId>
      <ProcessId condition="end with">4294967288</ProcessId>
      <ProcessId condition="less than">8</ProcessId>
      <ProcessId condition="more than">4294967287</ProcessId>
      <Image condition="image">Image10</Image>
      <Image>Image11</Image>
      <Image condition="is not">Image12</Image>
      <Image condition="contains">Image13</Image>
      <Image condition="excludes">Image14</Image>
      <Image condition="begin with">Image15</Image>
      <Image condition="end with">Image16</Image>
      <Image condition="less than">Image17</Image>
      <Image condition="more than">Image18</Image>
      <TargetFilename condition="image">TargetFilename10</TargetFilename>
      <TargetFilename>TargetFilename11</TargetFilename>
      <TargetFilename condition="is not">TargetFilename12</TargetFilename>
      <TargetFilename condition="contains">TargetFilename13</TargetFilename>
      <TargetFilename condition="excludes">TargetFilename14</TargetFilename>
      <TargetFilename condition="begin with">TargetFilename15</TargetFilename>
      <TargetFilename condition="end with">TargetFilename16</TargetFilename>
      <TargetFilename condition="less than">TargetFilename17</TargetFilename>
      <TargetFilename condition="more than">TargetFilename18</TargetFilename>
      <CreationUtcTime condition="image">CreationUtcTime10</CreationUtcTime>
      <CreationUtcTime>CreationUtcTime11</CreationUtcTime>
      <CreationUtcTime condition="is not">CreationUtcTime12</CreationUtcTime>
      <CreationUtcTime condition="contains">CreationUtcTime13</CreationUtcTime>
      <CreationUtcTime condition="excludes">CreationUtcTime14</CreationUtcTime>
      <CreationUtcTime condition="begin with">CreationUtcTime15</CreationUtcTime>
      <CreationUtcTime condition="end with">CreationUtcTime16</CreationUtcTime>
      <CreationUtcTime condition="less than">CreationUtcTime17</CreationUtcTime>
      <CreationUtcTime condition="more than">CreationUtcTime18</CreationUtcTime>
      <PreviousCreationUtcTime condition="image">PreviousCreationUtcTime10</PreviousCreationUtcTime>
      <PreviousCreationUtcTime>PreviousCreationUtcTime11</PreviousCreationUtcTime>
      <PreviousCreationUtcTime condition="is not">PreviousCreationUtcTime12</PreviousCreationUtcTime>
      <PreviousCreationUtcTime condition="contains">PreviousCreationUtcTime13</PreviousCreationUtcTime>
      <PreviousCreationUtcTime condition="excludes">PreviousCreationUtcTime14</PreviousCreationUtcTime>
      <PreviousCreationUtcTime condition="begin with">PreviousCreationUtcTime15</PreviousCreationUtcTime>
      <PreviousCreationUtcTime condition="end with">PreviousCreationUtcTime16</PreviousCreationUtcTime>
      <PreviousCreationUtcTime condition="less than">PreviousCreationUtcTime17</PreviousCreationUtcTime>
      <PreviousCreationUtcTime condition="more than">PreviousCreationUtcTime18</PreviousCreationUtcTime>
    </FileCreateTime>
    <NetworkConnect onmatch="include">
      <UtcTime>UtcTime1</UtcTime>
      <UtcTime>UtcTime2</UtcTime>
      <UtcTime condition="is not">UtcTime3</UtcTime>
      <UtcTime condition="contains">UtcTime4</UtcTime>
      <UtcTime condition="excludes">UtcTime5</UtcTime>
      <UtcTime condition="begin with">UtcTime6</UtcTime>
      <UtcTime condition="end with">UtcTime7</UtcTime>
      <UtcTime condition="less than">UtcTime8</UtcTime>
      <UtcTime condition="more than">UtcTime9</UtcTime>
      <ProcessGuid>{f0dd020f-a67d-490d-9c8d-e9bd080b70f6}</ProcessGuid>
      <ProcessGuid>{f0dd020f-a67d-490d-9c8d-e9bd080b70f6}</ProcessGuid>
      <ProcessGuid condition="is not">{f0dd020f-a67d-490d-9c8d-e9bd080b70f6}</ProcessGuid>
      <ProcessId>0</ProcessId>
      <ProcessId>4294967295</ProcessId>
      <ProcessId condition="is not">1</ProcessId>
      <ProcessId condition="contains">4294967294</ProcessId>
      <ProcessId condition="excludes">2</ProcessId>
      <ProcessId condition="begin with">4294967293</ProcessId>
      <ProcessId condition="end with">3</ProcessId>
      <ProcessId condition="less than">4294967292</ProcessId>
      <ProcessId condition="more than">4</ProcessId>
      <Image>Image1</Image>
      <Image>Image2</Image>
      <Image condition="is not">Image3</Image>
      <Image condition="contains">Image4</Image>
      <Image condition="excludes">Image5</Image>
      <Image condition="begin with">Image6</Image>
      <Image condition="end with">Image7</Image>
      <Image condition="less than">Image8</Image>
      <Image condition="more than">Image9</Image>
      <User>User1</User>
      <User>User2</User>
      <User condition="is not">User3</User>
      <User condition="contains">User4</User>
      <User condition="excludes">User5</User>
      <User condition="begin with">User6</User>
      <User condition="end with">User7</User>
      <User condition="less than">User8</User>
      <User condition="more than">User9</User>
      <Protocol>Protocol1</Protocol>
      <Protocol>Protocol2</Protocol>
      <Protocol condition="is not">Protocol3</Protocol>
      <Protocol condition="contains">Protocol4</Protocol>
      <Protocol condition="excludes">Protocol5</Protocol>
      <Protocol condition="begin with">Protocol6</Protocol>
      <Protocol condition="end with">Protocol7</Protocol>
      <Protocol condition="less than">Protocol8</Protocol>
      <Protocol condition="more than">Protocol9</Protocol>
      <Initiated>true</Initiated>
      <Initiated>true</Initiated>
      <Initiated condition="is not">true</Initiated>
      <SourceIsIpv6>true</SourceIsIpv6>
      <SourceIsIpv6>true</SourceIsIpv6>
      <SourceIsIpv6 condition="is not">true</SourceIsIpv6>
      <SourceIp>SourceIp1</SourceIp>
      <SourceIp>SourceIp2</SourceIp>
      <SourceIp condition="is not">SourceIp3</SourceIp>
      <SourceIp condition="contains">SourceIp4</SourceIp>
      <SourceIp condition="excludes">SourceIp5</SourceIp>
      <SourceIp condition="begin with">SourceIp6</SourceIp>
      <SourceIp condition="end with">SourceIp7</SourceIp>
      <SourceIp condition="less than">SourceIp8</SourceIp>
      <SourceIp condition="more than">SourceIp9</SourceIp>
      <SourceHostname>SourceHostname1</SourceHostname>
      <SourceHostname>SourceHostname2</SourceHostname>
      <SourceHostname condition="is not">SourceHostname3</SourceHostname>
      <SourceHostname condition="contains">SourceHostname4</SourceHostname>
      <SourceHostname condition="excludes">SourceHostname5</SourceHostname>
      <SourceHostname condition="begin with">SourceHostname6</SourceHostname>
      <SourceHostname condition="end with">SourceHostname7</SourceHostname>
      <SourceHostname condition="less than">SourceHostname8</SourceHostname>
      <SourceHostname condition="more than">SourceHostname9</SourceHostname>
      <SourcePort>0</SourcePort>
      <SourcePort>1</SourcePort>
      <SourcePort condition="is not">65535</SourcePort>
      <SourcePort condition="contains">1</SourcePort>
      <SourcePort condition="excludes">2</SourcePort>
      <SourcePort condition="begin with">3</SourcePort>
      <SourcePort condition="end with">1</SourcePort>
      <SourcePort condition="less than">2</SourcePort>
      <SourcePort condition="more than">3</SourcePort>
      <SourcePortName>SourcePortName1</SourcePortName>
      <SourcePortName>SourcePortName2</SourcePortName>
      <SourcePortName condition="is not">SourcePortName3</SourcePortName>
      <SourcePortName condition="contains">SourcePortName4</SourcePortName>
      <SourcePortName condition="excludes">SourcePortName5</SourcePortName>
      <SourcePortName condition="begin with">SourcePortName6</SourcePortName>
      <SourcePortName condition="end with">SourcePortName7</SourcePortName>
      <SourcePortName condition="less than">SourcePortName8</SourcePortName>
      <SourcePortName condition="more than">SourcePortName9</SourcePortName>
      <DestinationIsIpv6>true</DestinationIsIpv6>
      <DestinationIsIpv6>true</DestinationIsIpv6>
      <DestinationIsIpv6 condition="is not">true</DestinationIsIpv6>
      <DestinationIp>DestinationIp1</DestinationIp>
      <DestinationIp>DestinationIp2</DestinationIp>
      <DestinationIp condition="is not">DestinationIp3</DestinationIp>
      <DestinationIp condition="contains">DestinationIp4</DestinationIp>
      <DestinationIp condition="excludes">DestinationIp5</DestinationIp>
      <DestinationIp condition="begin with">DestinationIp6</DestinationIp>
      <DestinationIp condition="end with">DestinationIp7</DestinationIp>
      <DestinationIp condition="less than">DestinationIp8</DestinationIp>
      <DestinationIp condition="more than">DestinationIp9</DestinationIp>
      <DestinationHostname>DestinationHostname1</DestinationHostname>
      <DestinationHostname>DestinationHostname2</DestinationHostname>
      <DestinationHostname condition="is not">DestinationHostname3</DestinationHostname>
      <DestinationHostname condition="contains">DestinationHostname4</DestinationHostname>
      <DestinationHostname condition="excludes">DestinationHostname5</DestinationHostname>
      <DestinationHostname condition="begin with">DestinationHostname6</DestinationHostname>
      <DestinationHostname condition="end with">DestinationHostname7</DestinationHostname>
      <DestinationHostname condition="less than">DestinationHostname8</DestinationHostname>
      <DestinationHostname condition="more than">DestinationHostname9</DestinationHostname>
      <DestinationPort>1</DestinationPort>
      <DestinationPort>2</DestinationPort>
      <DestinationPort condition="is not">3</DestinationPort>
      <DestinationPort condition="contains">1</DestinationPort>
      <DestinationPort condition="excludes">2</DestinationPort>
      <DestinationPort condition="begin with">3</DestinationPort>
      <DestinationPort condition="end with">1</DestinationPort>
      <DestinationPort condition="less than">2</DestinationPort>
      <DestinationPort condition="more than">3</DestinationPort>
      <DestinationPortName>DestinationPortName1</DestinationPortName>
      <DestinationPortName>DestinationPortName2</DestinationPortName>
      <DestinationPortName condition="is not">DestinationPortName3</DestinationPortName>
      <DestinationPortName condition="contains">DestinationPortName4</DestinationPortName>
      <DestinationPortName condition="excludes">DestinationPortName5</DestinationPortName>
      <DestinationPortName condition="begin with">DestinationPortName6</DestinationPortName>
      <DestinationPortName condition="end with">DestinationPortName7</DestinationPortName>
      <DestinationPortName condition="less than">DestinationPortName8</DestinationPortName>
      <DestinationPortName condition="more than">DestinationPortName9</DestinationPortName>
    </NetworkConnect>
    <NetworkConnect onmatch="exclude">
      <UtcTime condition="image">UtcTime10</UtcTime>
      <UtcTime>UtcTime11</UtcTime>
      <UtcTime condition="is not">UtcTime12</UtcTime>
      <UtcTime condition="contains">UtcTime13</UtcTime>
      <UtcTime condition="excludes">UtcTime14</UtcTime>
      <UtcTime condition="begin with">UtcTime15</UtcTime>
      <UtcTime condition="end with">UtcTime16</UtcTime>
      <UtcTime condition="less than">UtcTime17</UtcTime>
      <UtcTime condition="more than">UtcTime18</UtcTime>
      <ProcessGuid>{f0dd020f-a67d-490d-9c8d-e9bd080b70f6}</ProcessGuid>
      <ProcessGuid condition="is not">{f0dd020f-a67d-490d-9c8d-e9bd080b70f6}</ProcessGuid>
      <ProcessId condition="image">4294967291</ProcessId>
      <ProcessId>5</ProcessId>
      <ProcessId condition="is not">4294967290</ProcessId>
      <ProcessId condition="contains">6</ProcessId>
      <ProcessId condition="excludes">4294967289</ProcessId>
      <ProcessId condition="begin with">7</ProcessId>
      <ProcessId condition="end with">4294967288</ProcessId>
      <ProcessId condition="less than">8</ProcessId>
      <ProcessId condition="more than">4294967287</ProcessId>
      <Image condition="image">Image10</Image>
      <Image>Image11</Image>
      <Image condition="is not">Image12</Image>
      <Image condition="contains">Image13</Image>
      <Image condition="excludes">Image14</Image>
      <Image condition="begin with">Image15</Image>
      <Image condition="end with">Image16</Image>
      <Image condition="less than">Image17</Image>
      <Image condition="more than">Image18</Image>
      <User condition="image">User10</User>
      <User>User11</User>
      <User condition="is not">User12</User>
      <User condition="contains">User13</User>
      <User condition="excludes">User14</User>
      <User condition="begin with">User15</User>
      <User condition="end with">User16</User>
      <User condition="less than">User17</User>
      <User condition="more than">User18</User>
      <Protocol condition="image">Protocol10</Protocol>
      <Protocol>Protocol11</Protocol>
      <Protocol condition="is not">Protocol12</Protocol>
      <Protocol condition="contains">Protocol13</Protocol>
      <Protocol condition="excludes">Protocol14</Protocol>
      <Protocol condition="begin with">Protocol15</Protocol>
      <Protocol condition="end with">Protocol16</Protocol>
      <Protocol condition="less than">Protocol17</Protocol>
      <Protocol condition="more than">Protocol18</Protocol>
      <Initiated>true</Initiated>
      <Initiated condition="is not">true</Initiated>
      <SourceIsIpv6>true</SourceIsIpv6>
      <SourceIsIpv6 condition="is not">true</SourceIsIpv6>
      <SourceIp condition="image">SourceIp10</SourceIp>
      <SourceIp>SourceIp11</SourceIp>
      <SourceIp condition="is not">SourceIp12</SourceIp>
      <SourceIp condition="contains">SourceIp13</SourceIp>
      <SourceIp condition="excludes">SourceIp14</SourceIp>
      <SourceIp condition="begin with">SourceIp15</SourceIp>
      <SourceIp condition="end with">SourceIp16</SourceIp>
      <SourceIp condition="less than">SourceIp17</SourceIp>
      <SourceIp condition="more than">SourceIp18</SourceIp>
      <SourceHostname condition="image">SourceHostname10</SourceHostname>
      <SourceHostname>SourceHostname11</SourceHostname>
      <SourceHostname condition="is not">SourceHostname12</SourceHostname>
      <SourceHostname condition="contains">SourceHostname13</SourceHostname>
      <SourceHostname condition="excludes">SourceHostname14</SourceHostname>
      <SourceHostname condition="begin with">SourceHostname15</SourceHostname>
      <SourceHostname condition="end with">SourceHostname16</SourceHostname>
      <SourceHostname condition="less than">SourceHostname17</SourceHostname>
      <SourceHostname condition="more than">SourceHostname18</SourceHostname>
      <SourcePort condition="image">1</SourcePort>
      <SourcePort>2</SourcePort>
      <SourcePort condition="is not">3</SourcePort>
      <SourcePort condition="contains">1</SourcePort>
      <SourcePort condition="excludes">2</SourcePort>
      <SourcePort condition="begin with">3</SourcePort>
      <SourcePort condition="end with">1</SourcePort>
      <SourcePort condition="less than">2</SourcePort>
      <SourcePort condition="more than">3</SourcePort>
      <SourcePortName condition="image">SourcePortName10</SourcePortName>
      <SourcePortName>SourcePortName11</SourcePortName>
      <SourcePortName condition="is not">SourcePortName12</SourcePortName>
      <SourcePortName condition="contains">SourcePortName13</SourcePortName>
      <SourcePortName condition="excludes">SourcePortName14</SourcePortName>
      <SourcePortName condition="begin with">SourcePortName15</SourcePortName>
      <SourcePortName condition="end with">SourcePortName16</SourcePortName>
      <SourcePortName condition="less than">SourcePortName17</SourcePortName>
      <SourcePortName condition="more than">SourcePortName18</SourcePortName>
      <DestinationIsIpv6>true</DestinationIsIpv6>
      <DestinationIsIpv6 condition="is not">true</DestinationIsIpv6>
      <DestinationIp condition="image">DestinationIp10</DestinationIp>
      <DestinationIp>DestinationIp11</DestinationIp>
      <DestinationIp condition="is not">DestinationIp12</DestinationIp>
      <DestinationIp condition="contains">DestinationIp13</DestinationIp>
      <DestinationIp condition="excludes">DestinationIp14</DestinationIp>
      <DestinationIp condition="begin with">DestinationIp15</DestinationIp>
      <DestinationIp condition="end with">DestinationIp16</DestinationIp>
      <DestinationIp condition="less than">DestinationIp17</DestinationIp>
      <DestinationIp condition="more than">DestinationIp18</DestinationIp>
      <DestinationHostname condition="image">DestinationHostname10</DestinationHostname>
      <DestinationHostname>DestinationHostname11</DestinationHostname>
      <DestinationHostname condition="is not">DestinationHostname12</DestinationHostname>
      <DestinationHostname condition="contains">DestinationHostname13</DestinationHostname>
      <DestinationHostname condition="excludes">DestinationHostname14</DestinationHostname>
      <DestinationHostname condition="begin with">DestinationHostname15</DestinationHostname>
      <DestinationHostname condition="end with">DestinationHostname16</DestinationHostname>
      <DestinationHostname condition="less than">DestinationHostname17</DestinationHostname>
      <DestinationHostname condition="more than">DestinationHostname18</DestinationHostname>
      <DestinationPort condition="image">1</DestinationPort>
      <DestinationPort>2</DestinationPort>
      <DestinationPort condition="is not">3</DestinationPort>
      <DestinationPort condition="contains">1</DestinationPort>
      <DestinationPort condition="excludes">2</DestinationPort>
      <DestinationPort condition="begin with">3</DestinationPort>
      <DestinationPort condition="end with">1</DestinationPort>
      <DestinationPort condition="less than">2</DestinationPort>
      <DestinationPort condition="more than">3</DestinationPort>
      <DestinationPortName condition="image">DestinationPortName10</DestinationPortName>
      <DestinationPortName>DestinationPortName11</DestinationPortName>
      <DestinationPortName condition="is not">DestinationPortName12</DestinationPortName>
      <DestinationPortName condition="contains">DestinationPortName13</DestinationPortName>
      <DestinationPortName condition="excludes">DestinationPortName14</DestinationPortName>
      <DestinationPortName condition="begin with">DestinationPortName15</DestinationPortName>
      <DestinationPortName condition="end with">DestinationPortName16</DestinationPortName>
      <DestinationPortName condition="less than">DestinationPortName17</DestinationPortName>
      <DestinationPortName condition="more than">DestinationPortName18</DestinationPortName>
    </NetworkConnect>
    <ProcessTerminate onmatch="include">
      <UtcTime>UtcTime1</UtcTime>
      <UtcTime>UtcTime2</UtcTime>
      <UtcTime condition="is not">UtcTime3</UtcTime>
      <UtcTime condition="contains">UtcTime4</UtcTime>
      <UtcTime condition="excludes">UtcTime5</UtcTime>
      <UtcTime condition="begin with">UtcTime6</UtcTime>
      <UtcTime condition="end with">UtcTime7</UtcTime>
      <UtcTime condition="less than">UtcTime8</UtcTime>
      <UtcTime condition="more than">UtcTime9</UtcTime>
      <ProcessGuid>{f0dd020f-a67d-490d-9c8d-e9bd080b70f6}</ProcessGuid>
      <ProcessGuid>{f0dd020f-a67d-490d-9c8d-e9bd080b70f6}</ProcessGuid>
      <ProcessGuid condition="is not">{f0dd020f-a67d-490d-9c8d-e9bd080b70f6}</ProcessGuid>
      <ProcessId>0</ProcessId>
      <ProcessId>4294967295</ProcessId>
      <ProcessId condition="is not">1</ProcessId>
      <ProcessId condition="contains">4294967294</ProcessId>
      <ProcessId condition="excludes">2</ProcessId>
      <ProcessId condition="begin with">4294967293</ProcessId>
      <ProcessId condition="end with">3</ProcessId>
      <ProcessId condition="less than">4294967292</ProcessId>
      <ProcessId condition="more than">4</ProcessId>
      <Image>Image1</Image>
      <Image>Image2</Image>
      <Image condition="is not">Image3</Image>
      <Image condition="contains">Image4</Image>
      <Image condition="excludes">Image5</Image>
      <Image condition="begin with">Image6</Image>
      <Image condition="end with">Image7</Image>
      <Image condition="less than">Image8</Image>
      <Image condition="more than">Image9</Image>
    </ProcessTerminate>
    <ProcessTerminate onmatch="exclude">
      <UtcTime condition="image">UtcTime10</UtcTime>
      <UtcTime>UtcTime11</UtcTime>
      <UtcTime condition="is not">UtcTime12</UtcTime>
      <UtcTime condition="contains">UtcTime13</UtcTime>
      <UtcTime condition="excludes">UtcTime14</UtcTime>
      <UtcTime condition="begin with">UtcTime15</UtcTime>
      <UtcTime condition="end with">UtcTime16</UtcTime>
      <UtcTime condition="less than">UtcTime17</UtcTime>
      <UtcTime condition="more than">UtcTime18</UtcTime>
      <ProcessGuid>{f0dd020f-a67d-490d-9c8d-e9bd080b70f6}</ProcessGuid>
      <ProcessGuid condition="is not">{f0dd020f-a67d-490d-9c8d-e9bd080b70f6}</ProcessGuid>
      <ProcessId condition="image">4294967291</ProcessId>
      <ProcessId>5</ProcessId>
      <ProcessId condition="is not">4294967290</ProcessId>
      <ProcessId condition="contains">6</ProcessId>
      <ProcessId condition="excludes">4294967289</ProcessId>
      <ProcessId condition="begin with">7</ProcessId>
      <ProcessId condition="end with">4294967288</ProcessId>
      <ProcessId condition="less than">8</ProcessId>
      <ProcessId condition="more than">4294967287</ProcessId>
      <Image condition="image">Image10</Image>
      <Image>Image11</Image>
      <Image condition="is not">Image12</Image>
      <Image condition="contains">Image13</Image>
      <Image condition="excludes">Image14</Image>
      <Image condition="begin with">Image15</Image>
      <Image condition="end with">Image16</Image>
      <Image condition="less than">Image17</Image>
      <Image condition="more than">Image18</Image>
    </ProcessTerminate>
    <DriverLoad onmatch="include">
      <UtcTime>UtcTime1</UtcTime>
      <UtcTime>UtcTime2</UtcTime>
      <UtcTime condition="is not">UtcTime3</UtcTime>
      <UtcTime condition="contains">UtcTime4</UtcTime>
      <UtcTime condition="excludes">UtcTime5</UtcTime>
      <UtcTime condition="begin with">UtcTime6</UtcTime>
      <UtcTime condition="end with">UtcTime7</UtcTime>
      <UtcTime condition="less than">UtcTime8</UtcTime>
      <UtcTime condition="more than">UtcTime9</UtcTime>
      <ImageLoaded>ImageLoaded1</ImageLoaded>
      <ImageLoaded>ImageLoaded2</ImageLoaded>
      <ImageLoaded condition="is not">ImageLoaded3</ImageLoaded>
      <ImageLoaded condition="contains">ImageLoaded4</ImageLoaded>
      <ImageLoaded condition="excludes">ImageLoaded5</ImageLoaded>
      <ImageLoaded condition="begin with">ImageLoaded6</ImageLoaded>
      <ImageLoaded condition="end with">ImageLoaded7</ImageLoaded>
      <ImageLoaded condition="less than">ImageLoaded8</ImageLoaded>
      <ImageLoaded condition="more than">ImageLoaded9</ImageLoaded>
      <Hashes>Hashes1</Hashes>
      <Hashes>Hashes2</Hashes>
      <Hashes condition="is not">Hashes3</Hashes>
      <Hashes condition="contains">Hashes4</Hashes>
      <Hashes condition="excludes">Hashes5</Hashes>
      <Hashes condition="begin with">Hashes6</Hashes>
      <Hashes condition="end with">Hashes7</Hashes>
      <Hashes condition="less than">Hashes8</Hashes>
      <Hashes condition="more than">Hashes9</Hashes>
      <Signed>true</Signed>
      <Signed>true</Signed>
      <Signed condition="is not">true</Signed>
      <Signature>Signature1</Signature>
      <Signature>Signature2</Signature>
      <Signature condition="is not">Signature3</Signature>
      <Signature condition="contains">Signature4</Signature>
      <Signature condition="excludes">Signature5</Signature>
      <Signature condition="begin with">Signature6</Signature>
      <Signature condition="end with">Signature7</Signature>
      <Signature condition="less than">Signature8</Signature>
      <Signature condition="more than">Signature9</Signature>
      <SignatureStatus>Valid</SignatureStatus>
      <SignatureStatus>Expired</SignatureStatus>
      <SignatureStatus condition="is not">Revoked</SignatureStatus>
    </DriverLoad>
    <DriverLoad onmatch="exclude">
      <UtcTime condition="image">UtcTime10</UtcTime>
      <UtcTime>UtcTime11</UtcTime>
      <UtcTime condition="is not">UtcTime12</UtcTime>
      <UtcTime condition="contains">UtcTime13</UtcTime>
      <UtcTime condition="excludes">UtcTime14</UtcTime>
      <UtcTime condition="begin with">UtcTime15</UtcTime>
      <UtcTime condition="end with">UtcTime16</UtcTime>
      <UtcTime condition="less than">UtcTime17</UtcTime>
      <UtcTime condition="more than">UtcTime18</UtcTime>
      <ImageLoaded condition="image">ImageLoaded10</ImageLoaded>
      <ImageLoaded>ImageLoaded11</ImageLoaded>
      <ImageLoaded condition="is not">ImageLoaded12</ImageLoaded>
      <ImageLoaded condition="contains">ImageLoaded13</ImageLoaded>
      <ImageLoaded condition="excludes">ImageLoaded14</ImageLoaded>
      <ImageLoaded condition="begin with">ImageLoaded15</ImageLoaded>
      <ImageLoaded condition="end with">ImageLoaded16</ImageLoaded>
      <ImageLoaded condition="less than">ImageLoaded17</ImageLoaded>
      <ImageLoaded condition="more than">ImageLoaded18</ImageLoaded>
      <Hashes condition="image">Hashes10</Hashes>
      <Hashes>Hashes11</Hashes>
      <Hashes condition="is not">Hashes12</Hashes>
      <Hashes condition="contains">Hashes13</Hashes>
      <Hashes condition="excludes">Hashes14</Hashes>
      <Hashes condition="begin with">Hashes15</Hashes>
      <Hashes condition="end with">Hashes16</Hashes>
      <Hashes condition="less than">Hashes17</Hashes>
      <Hashes condition="more than">Hashes18</Hashes>
      <Signed>true</Signed>
      <Signed condition="is not">true</Signed>
      <Signature condition="image">Signature10</Signature>
      <Signature>Signature11</Signature>
      <Signature condition="is not">Signature12</Signature>
      <Signature condition="contains">Signature13</Signature>
      <Signature condition="excludes">Signature14</Signature>
      <Signature condition="begin with">Signature15</Signature>
      <Signature condition="end with">Signature16</Signature>
      <Signature condition="less than">Signature17</Signature>
      <Signature condition="more than">Signature18</Signature>
      <SignatureStatus>Revoked</SignatureStatus>
      <SignatureStatus condition="is not">Unavailable</SignatureStatus>
    </DriverLoad>
    <ImageLoad onmatch="include">
      <UtcTime>UtcTime1</UtcTime>
      <UtcTime>UtcTime2</UtcTime>
      <UtcTime condition="is not">UtcTime3</UtcTime>
      <UtcTime condition="contains">UtcTime4</UtcTime>
      <UtcTime condition="excludes">UtcTime5</UtcTime>
      <UtcTime condition="begin with">UtcTime6</UtcTime>
      <UtcTime condition="end with">UtcTime7</UtcTime>
      <UtcTime condition="less than">UtcTime8</UtcTime>
      <UtcTime condition="more than">UtcTime9</UtcTime>
      <ProcessGuid>{f0dd020f-a67d-490d-9c8d-e9bd080b70f6}</ProcessGuid>
